<?xml version="1.0" encoding="UTF-8"?>
<!-- Generated by org.testng.reporters.JUnitReportReporter -->
<testsuite hostname="DESKTOP-LPQ2QEK" failures="0" tests="1" name="KDD.testRunner.ExecuteTestRunner" time="47.145" errors="0" timestamp="2022-09-28T10:10:18 IST" skipped="0">
  <testcase classname="KDD.testRunner.ExecuteTestRunner" name="execute" time="47.145"/>
  <system-out/>
</testsuite> <!-- KDD.testRunner.ExecuteTestRunner -->
